<?xml version="1.0" encoding="UTF-8"?>
<!-- Generated by org.testng.reporters.JUnitReportReporter -->
<testsuite hostname="emil-HP-Pavilion-x360-Convertible-14-ba1xx" failures="0" tests="6" name="RegistrationAutoTests" time="28.944" errors="0" timestamp="2024-04-13T13:09:14 EEST" skipped="0">
  <testcase classname="RegistrationAutoTests" name="mySeleniumTest2" time="3.725"/>
  <system-out/>
  <testcase classname="RegistrationAutoTests" name="mySeleniumTest4" time="4.560"/>
  <system-out/>
  <testcase classname="RegistrationAutoTests" name="mySeleniumTest5" time="4.547"/>
  <system-out/>
  <testcase classname="RegistrationAutoTests" name="mySeleniumTest6" time="6.566"/>
  <system-out/>
  <testcase classname="RegistrationAutoTests" name="mySeleniumTest1" time="4.367"/>
  <system-out/>
  <testcase classname="RegistrationAutoTests" name="mySeleniumTest3" time="5.179"/>
  <system-out/>
</testsuite> <!-- RegistrationAutoTests -->
